app/build/intermediates/manifest_merge_blame_file/debug/processDebugMainManifest/manifest-merger-blame-debug-report.txt
1<?xml version="1.0" encoding="utf-8"?>
2<manifest xmlns:android="http://schemas.android.com/apk/res/android"
3    package="com.checkdang.app"
4    android:versionCode="1"
5    android:versionName="1.0" >
6
7    <uses-sdk
7-->INJECTED
8        android:minSdkVersion="26"
8-->INJECTED
9        android:targetSdkVersion="34" />
9-->INJECTED
10
11    <permission
11-->[androidx.core:core:1.12.0] AndroidManifest.xml:22:5-24:47
12        android:name="com.checkdang.app.DYNAMIC_RECEIVER_NOT_EXPORTED_PERMISSION"
12-->[androidx.core:core:1.12.0] AndroidManifest.xml:23:9-81
13        android:protectionLevel="signature" />
13-->[androidx.core:core:1.12.0] AndroidManifest.xml:24:9-44
14
15    <uses-permission android:name="com.checkdang.app.DYNAMIC_RECEIVER_NOT_EXPORTED_PERMISSION" />
15-->[androidx.core:core:1.12.0] AndroidManifest.xml:26:5-97
15-->[androidx.core:core:1.12.0] AndroidManifest.xml:26:22-94
16
17    <application
17-->src\main\AndroidManifest.xml:4:5-75:19
18        android:name="com.checkdang.app.CheckDangApplication"
18-->src\main\AndroidManifest.xml:5:9-45
19        android:allowBackup="true"
19-->src\main\AndroidManifest.xml:6:9-35
20        android:appComponentFactory="androidx.core.app.CoreComponentFactory"
20-->[androidx.core:core:1.12.0] AndroidManifest.xml:28:18-86
21        android:debuggable="true"
22        android:extractNativeLibs="false"
22-->INJECTED
23        android:icon="@mipmap/ic_launcher"
23-->src\main\AndroidManifest.xml:7:9-43
24        android:label="@string/app_name"
24-->src\main\AndroidManifest.xml:8:9-41
25        android:roundIcon="@mipmap/ic_launcher_round"
25-->src\main\AndroidManifest.xml:9:9-54
26        android:supportsRtl="true"
26-->src\main\AndroidManifest.xml:10:9-35
27        android:testOnly="true"
28        android:theme="@style/Theme.CheckDang" >
28-->src\main\AndroidManifest.xml:11:9-47
29        <activity
29-->src\main\AndroidManifest.xml:13:9-20:20
30            android:name="com.checkdang.app.ui.splash.SplashActivity"
30-->src\main\AndroidManifest.xml:14:13-53
31            android:exported="true" >
31-->src\main\AndroidManifest.xml:15:13-36
32            <intent-filter>
32-->src\main\AndroidManifest.xml:16:13-19:29
33                <action android:name="android.intent.action.MAIN" />
33-->src\main\AndroidManifest.xml:17:17-69
33-->src\main\AndroidManifest.xml:17:25-66
34
35                <category android:name="android.intent.category.LAUNCHER" />
35-->src\main\AndroidManifest.xml:18:17-77
35-->src\main\AndroidManifest.xml:18:27-74
36            </intent-filter>
37        </activity>
38        <activity
38-->src\main\AndroidManifest.xml:22:9-24:40
39            android:name="com.checkdang.app.ui.designsystem.DesignSystemActivity"
39-->src\main\AndroidManifest.xml:23:13-65
40            android:exported="false" />
40-->src\main\AndroidManifest.xml:24:13-37
41        <activity
41-->src\main\AndroidManifest.xml:26:9-29:58
42            android:name="com.checkdang.app.ui.auth.login.LoginActivity"
42-->src\main\AndroidManifest.xml:27:13-56
43            android:exported="false"
43-->src\main\AndroidManifest.xml:28:13-37
44            android:windowSoftInputMode="adjustResize" />
44-->src\main\AndroidManifest.xml:29:13-55
45        <activity
45-->src\main\AndroidManifest.xml:31:9-34:58
46            android:name="com.checkdang.app.ui.auth.signup.SignupActivity"
46-->src\main\AndroidManifest.xml:32:13-58
47            android:exported="false"
47-->src\main\AndroidManifest.xml:33:13-37
48            android:windowSoftInputMode="adjustResize" />
48-->src\main\AndroidManifest.xml:34:13-55
49        <activity
49-->src\main\AndroidManifest.xml:36:9-39:58
50            android:name="com.checkdang.app.ui.auth.onboarding.OnboardingActivity"
50-->src\main\AndroidManifest.xml:37:13-66
51            android:exported="false"
51-->src\main\AndroidManifest.xml:38:13-37
52            android:windowSoftInputMode="adjustResize" />
52-->src\main\AndroidManifest.xml:39:13-55
53        <activity
53-->src\main\AndroidManifest.xml:41:9-43:40
54            android:name="com.checkdang.app.ui.main.MainActivity"
54-->src\main\AndroidManifest.xml:42:13-49
55            android:exported="false" />
55-->src\main\AndroidManifest.xml:43:13-37
56        <activity
56-->src\main\AndroidManifest.xml:45:9-48:66
57            android:name="com.checkdang.app.ui.lifestyle.exercise.ExerciseDetailActivity"
57-->src\main\AndroidManifest.xml:46:13-73
58            android:exported="false"
58-->src\main\AndroidManifest.xml:47:13-37
59            android:parentActivityName="com.checkdang.app.ui.main.MainActivity" />
59-->src\main\AndroidManifest.xml:48:13-63
60        <activity
60-->src\main\AndroidManifest.xml:50:9-53:66
61            android:name="com.checkdang.app.ui.lifestyle.meal.MealDetailActivity"
61-->src\main\AndroidManifest.xml:51:13-65
62            android:exported="false"
62-->src\main\AndroidManifest.xml:52:13-37
63            android:parentActivityName="com.checkdang.app.ui.main.MainActivity" />
63-->src\main\AndroidManifest.xml:53:13-63
64        <activity
64-->src\main\AndroidManifest.xml:55:9-58:66
65            android:name="com.checkdang.app.ui.lifestyle.sleep.SleepDetailActivity"
65-->src\main\AndroidManifest.xml:56:13-67
66            android:exported="false"
66-->src\main\AndroidManifest.xml:57:13-37
67            android:parentActivityName="com.checkdang.app.ui.main.MainActivity" />
67-->src\main\AndroidManifest.xml:58:13-63
68        <activity
68-->src\main\AndroidManifest.xml:60:9-63:66
69            android:name="com.checkdang.app.ui.bodymap.analysis.AIAnalysisActivity"
69-->src\main\AndroidManifest.xml:61:13-67
70            android:exported="false"
70-->src\main\AndroidManifest.xml:62:13-37
71            android:parentActivityName="com.checkdang.app.ui.main.MainActivity" />
71-->src\main\AndroidManifest.xml:63:13-63
72        <activity
72-->src\main\AndroidManifest.xml:65:9-68:66
73            android:name="com.checkdang.app.ui.family.FamilyActivity"
73-->src\main\AndroidManifest.xml:66:13-53
74            android:exported="false"
74-->src\main\AndroidManifest.xml:67:13-37
75            android:parentActivityName="com.checkdang.app.ui.main.MainActivity" />
75-->src\main\AndroidManifest.xml:68:13-63
76        <activity
76-->src\main\AndroidManifest.xml:70:9-73:66
77            android:name="com.checkdang.app.ui.menu.subscription.SubscriptionActivity"
77-->src\main\AndroidManifest.xml:71:13-70
78            android:exported="false"
78-->src\main\AndroidManifest.xml:72:13-37
79            android:parentActivityName="com.checkdang.app.ui.main.MainActivity" />
79-->src\main\AndroidManifest.xml:73:13-63
80
81        <provider
81-->[androidx.emoji2:emoji2:1.2.0] AndroidManifest.xml:24:9-32:20
82            android:name="androidx.startup.InitializationProvider"
82-->[androidx.emoji2:emoji2:1.2.0] AndroidManifest.xml:25:13-67
83            android:authorities="com.checkdang.app.androidx-startup"
83-->[androidx.emoji2:emoji2:1.2.0] AndroidManifest.xml:26:13-68
84            android:exported="false" >
84-->[androidx.emoji2:emoji2:1.2.0] AndroidManifest.xml:27:13-37
85            <meta-data
85-->[androidx.emoji2:emoji2:1.2.0] AndroidManifest.xml:29:13-31:52
86                android:name="androidx.emoji2.text.EmojiCompatInitializer"
86-->[androidx.emoji2:emoji2:1.2.0] AndroidManifest.xml:30:17-75
87                android:value="androidx.startup" />
87-->[androidx.emoji2:emoji2:1.2.0] AndroidManifest.xml:31:17-49
88            <meta-data
88-->[androidx.lifecycle:lifecycle-process:2.7.0] AndroidManifest.xml:29:13-31:52
89                android:name="androidx.lifecycle.ProcessLifecycleInitializer"
89-->[androidx.lifecycle:lifecycle-process:2.7.0] AndroidManifest.xml:30:17-78
90                android:value="androidx.startup" />
90-->[androidx.lifecycle:lifecycle-process:2.7.0] AndroidManifest.xml:31:17-49
91            <meta-data
91-->[androidx.profileinstaller:profileinstaller:1.3.1] AndroidManifest.xml:29:13-31:52
92                android:name="androidx.profileinstaller.ProfileInstallerInitializer"
92-->[androidx.profileinstaller:profileinstaller:1.3.1] AndroidManifest.xml:30:17-85
93                android:value="androidx.startup" />
93-->[androidx.profileinstaller:profileinstaller:1.3.1] AndroidManifest.xml:31:17-49
94        </provider>
95
96        <uses-library
96-->[androidx.window:window:1.0.0] AndroidManifest.xml:25:9-27:40
97            android:name="androidx.window.extensions"
97-->[androidx.window:window:1.0.0] AndroidManifest.xml:26:13-54
98            android:required="false" />
98-->[androidx.window:window:1.0.0] AndroidManifest.xml:27:13-37
99        <uses-library
99-->[androidx.window:window:1.0.0] AndroidManifest.xml:28:9-30:40
100            android:name="androidx.window.sidecar"
100-->[androidx.window:window:1.0.0] AndroidManifest.xml:29:13-51
101            android:required="false" />
101-->[androidx.window:window:1.0.0] AndroidManifest.xml:30:13-37
102
103        <receiver
103-->[androidx.profileinstaller:profileinstaller:1.3.1] AndroidManifest.xml:34:9-52:20
104            android:name="androidx.profileinstaller.ProfileInstallReceiver"
104-->[androidx.profileinstaller:profileinstaller:1.3.1] AndroidManifest.xml:35:13-76
105            android:directBootAware="false"
105-->[androidx.profileinstaller:profileinstaller:1.3.1] AndroidManifest.xml:36:13-44
106            android:enabled="true"
106-->[androidx.profileinstaller:profileinstaller:1.3.1] AndroidManifest.xml:37:13-35
107            android:exported="true"
107-->[androidx.profileinstaller:profileinstaller:1.3.1] AndroidManifest.xml:38:13-36
108            android:permission="android.permission.DUMP" >
108-->[androidx.profileinstaller:profileinstaller:1.3.1] AndroidManifest.xml:39:13-57
109            <intent-filter>
109-->[androidx.profileinstaller:profileinstaller:1.3.1] AndroidManifest.xml:40:13-42:29
110                <action android:name="androidx.profileinstaller.action.INSTALL_PROFILE" />
110-->[androidx.profileinstaller:profileinstaller:1.3.1] AndroidManifest.xml:41:17-91
110-->[androidx.profileinstaller:profileinstaller:1.3.1] AndroidManifest.xml:41:25-88
111            </intent-filter>
112            <intent-filter>
112-->[androidx.profileinstaller:profileinstaller:1.3.1] AndroidManifest.xml:43:13-45:29
113                <action android:name="androidx.profileinstaller.action.SKIP_FILE" />
113-->[androidx.profileinstaller:profileinstaller:1.3.1] AndroidManifest.xml:44:17-85
113-->[androidx.profileinstaller:profileinstaller:1.3.1] AndroidManifest.xml:44:25-82
114            </intent-filter>
115            <intent-filter>
115-->[androidx.profileinstaller:profileinstaller:1.3.1] AndroidManifest.xml:46:13-48:29
116                <action android:name="androidx.profileinstaller.action.SAVE_PROFILE" />
116-->[androidx.profileinstaller:profileinstaller:1.3.1] AndroidManifest.xml:47:17-88
116-->[androidx.profileinstaller:profileinstaller:1.3.1] AndroidManifest.xml:47:25-85
117            </intent-filter>
118            <intent-filter>
118-->[androidx.profileinstaller:profileinstaller:1.3.1] AndroidManifest.xml:49:13-51:29
119                <action android:name="androidx.profileinstaller.action.BENCHMARK_OPERATION" />
119-->[androidx.profileinstaller:profileinstaller:1.3.1] AndroidManifest.xml:50:17-95
119-->[androidx.profileinstaller:profileinstaller:1.3.1] AndroidManifest.xml:50:25-92
120            </intent-filter>
121        </receiver>
122    </application>
123
124</manifest>